<?xml version="1.0" encoding="UTF-8"?>
<testsuite xmlns:xsi="http://www.w3.org/2001/XMLSchema-instance" xsi:noNamespaceSchemaLocation="https://maven.apache.org/surefire/maven-surefire-plugin/xsd/surefire-test-report-3.0.xsd" version="3.0" name="ReservationTest" time="0.015" tests="7" errors="0" skipped="0" failures="0">
  <properties>
[...]
</properties>
  <testcase name="testGetAndSetUserProfile" classname="ReservationTest" time="0.002"/>
  <testcase name="testGetAndSetDateTime" classname="ReservationTest" time="0.001"/>
  <testcase name="testToString" classname="ReservationTest" time="0.001"/>
  <testcase name="testConstructors" classname="ReservationTest" time="0.001"/>
  <testcase name="testGetAndSetName" classname="ReservationTest" time="0.001"/>
  <testcase name="testGetAndSetId" classname="ReservationTest" time="0.001"/>
  <testcase name="testGetAndSetStatus" classname="ReservationTest" time="0.001"/>
</testsuite>